2025-11-14 06:41:35 - pipeline_automated_data_pipeline - INFO - Pipeline 'automated_data_pipeline' started | Metadata: {"start_time": "2025-11-14T06:41:35.434059"}
2025-11-14 06:41:35 - pipeline_automated_data_pipeline - INFO - Stage 'data_loading' started | Metadata: {"stage_name": "data_loading"}
2025-11-14 06:41:57 - pipeline_automated_data_pipeline - INFO - Stage 'data_loading' completed - Status: SUCCESS | Metadata: {"stage_name": "data_loading", "duration": 22.52054, "status": "SUCCESS"}
2025-11-14 06:41:57 - pipeline_automated_data_pipeline - INFO - Stage 'data_cleaning' started | Metadata: {"stage_name": "data_cleaning"}
2025-11-14 06:41:58 - pipeline_automated_data_pipeline - INFO - Data Quality Report - Status: PASSED | Metadata: {"total_issues": 0, "total_warnings": 0, "passed": true, "stats": {"columnas_validas": 30, "distribucion_dias": {"LABORAL": 1942, "FESTIVO": 1284}, "valores_faltantes_por_columna": {"TOTAL": 0.3099814011159331}, "registros_finales": 3226, "rango_fechas": "2017-01-01 00:00:00 a 2025-11-01 00:00:00", "ucps_unicas": 3, "variables": ["Demanda_Real"]}}
2025-11-14 06:41:58 - pipeline_automated_data_pipeline - INFO - Data Quality Report - Status: PASSED | Metadata: {"total_issues": 0, "total_warnings": 0, "passed": true, "stats": {"registros_finales": 0, "rango_fechas": "NaT a NaT", "ciudades": []}}
2025-11-14 06:41:58 - pipeline_automated_data_pipeline - INFO - Stage 'data_cleaning' completed - Status: SUCCESS | Metadata: {"stage_name": "data_cleaning", "duration": 0.07573, "status": "SUCCESS"}
2025-11-14 06:41:58 - pipeline_automated_data_pipeline - INFO - Stage 'feature_engineering' started | Metadata: {"stage_name": "feature_engineering"}
2025-11-14 06:41:58 - pipeline_automated_data_pipeline - INFO - Stage 'feature_engineering' completed - Status: SUCCESS | Metadata: {"stage_name": "feature_engineering", "duration": 0.122952, "status": "SUCCESS"}
2025-11-14 06:41:58 - pipeline_automated_data_pipeline - INFO - Stage 'saving_outputs' started | Metadata: {"stage_name": "saving_outputs"}
2025-11-14 06:41:59 - pipeline_automated_data_pipeline - INFO - Stage 'saving_outputs' completed - Status: SUCCESS | Metadata: {"stage_name": "saving_outputs", "duration": 1.700577, "status": "SUCCESS"}
2025-11-14 06:41:59 - pipeline_automated_data_pipeline - INFO - Pipeline 'automated_data_pipeline' completed - Status: SUCCESS | Metadata: {"pipeline_name": "automated_data_pipeline", "status": "SUCCESS", "total_duration": 24.421808, "total_stages": 4, "successful_stages": 4, "failed_stages": 0}
2025-11-14 06:42:59 - pipeline_automated_data_pipeline - INFO - Pipeline 'automated_data_pipeline' started | Metadata: {"start_time": "2025-11-14T06:42:59.332816"}
2025-11-14 06:42:59 - pipeline_automated_data_pipeline - INFO - Stage 'data_loading' started | Metadata: {"stage_name": "data_loading"}
2025-11-14 06:43:21 - pipeline_automated_data_pipeline - INFO - Stage 'data_loading' completed - Status: SUCCESS | Metadata: {"stage_name": "data_loading", "duration": 22.314193, "status": "SUCCESS"}
2025-11-14 06:43:21 - pipeline_automated_data_pipeline - INFO - Stage 'data_cleaning' started | Metadata: {"stage_name": "data_cleaning"}
2025-11-14 06:43:21 - pipeline_automated_data_pipeline - INFO - Data Quality Report - Status: PASSED | Metadata: {"total_issues": 0, "total_warnings": 0, "passed": true, "stats": {"columnas_validas": 30, "distribucion_dias": {"LABORAL": 1942, "FESTIVO": 1284}, "valores_faltantes_por_columna": {"TOTAL": 0.3099814011159331}, "registros_finales": 3226, "rango_fechas": "2017-01-01 00:00:00 a 2025-11-01 00:00:00", "ucps_unicas": 3, "variables": ["Demanda_Real"]}}
2025-11-14 06:43:21 - pipeline_automated_data_pipeline - INFO - Data Quality Report - Status: PASSED | Metadata: {"total_issues": 0, "total_warnings": 0, "passed": true, "stats": {"registros_finales": 0, "rango_fechas": "NaT a NaT", "ciudades": []}}
2025-11-14 06:43:21 - pipeline_automated_data_pipeline - INFO - Stage 'data_cleaning' completed - Status: SUCCESS | Metadata: {"stage_name": "data_cleaning", "duration": 0.066294, "status": "SUCCESS"}
2025-11-14 06:43:21 - pipeline_automated_data_pipeline - INFO - Stage 'feature_engineering' started | Metadata: {"stage_name": "feature_engineering"}
2025-11-14 06:43:21 - pipeline_automated_data_pipeline - INFO - Stage 'feature_engineering' completed - Status: SUCCESS | Metadata: {"stage_name": "feature_engineering", "duration": 0.105368, "status": "SUCCESS"}
2025-11-14 06:43:21 - pipeline_automated_data_pipeline - INFO - Stage 'saving_outputs' started | Metadata: {"stage_name": "saving_outputs"}
2025-11-14 06:43:23 - pipeline_automated_data_pipeline - INFO - Stage 'saving_outputs' completed - Status: SUCCESS | Metadata: {"stage_name": "saving_outputs", "duration": 1.624929, "status": "SUCCESS"}
2025-11-14 06:43:23 - pipeline_automated_data_pipeline - INFO - Pipeline 'automated_data_pipeline' completed - Status: SUCCESS | Metadata: {"pipeline_name": "automated_data_pipeline", "status": "SUCCESS", "total_duration": 24.110784, "total_stages": 4, "successful_stages": 4, "failed_stages": 0}
2025-11-14 06:43:23 - pipeline_automated_data_pipeline - INFO - Execution report saved to: C:\Users\samue\OneDrive\Documentos\GitHub\EPM\logs\pipeline_execution_automated_data_pipeline_20251114_064323.json
2025-11-14 06:43:23 - pipeline_automated_data_pipeline - ERROR - Pipeline failed with error: 'charmap' codec can't encode character '\u2713' in position 0: character maps to <undefined>
2025-11-14 06:43:23 - pipeline_automated_data_pipeline - ERROR - Pipeline 'automated_data_pipeline' completed - Status: FAILED | Metadata: {"pipeline_name": "automated_data_pipeline", "status": "FAILED", "total_duration": 24.118976, "total_stages": 4, "successful_stages": 4, "failed_stages": 0}
